<?xml version="1.0" encoding="UTF-8"?>
<testsuite name="TestSuite" time="0.668" tests="3" errors="0" skipped="1" failures="2">
  <properties>
[...]
</properties>
  <testcase name="setUpClass" classname="TestRunner" time="0.333">
    <failure message="No backends were found. Please make sure you have a backend module on your CLASSPATH." type="cucumber.runtime.CucumberException"><![CDATA[cucumber.runtime.CucumberException: No backends were found. Please make sure you have a backend module on your CLASSPATH.
	at cucumber.runtime.Runtime.<init>(Runtime.java:81)
	at cucumber.runtime.Runtime.<init>(Runtime.java:70)
	at cucumber.runtime.Runtime.<init>(Runtime.java:66)
	at cucumber.api.testng.TestNGCucumberRunner.<init>(TestNGCucumberRunner.java:42)
	at TestRunner.setUpClass(TestRunner.java:43)
]]></failure>
  </testcase>
  <testcase name="feature" classname="TestRunner" time="0">
    <skipped/>
  </testcase>
  <testcase name="tearDownClass" classname="TestRunner" time="0.335">
    <failure message="Cannot invoke &quot;cucumber.api.testng.TestNGCucumberRunner.finish()&quot; because &quot;this.testNGCucumberRunner&quot; is null" type="java.lang.NullPointerException">java.lang.NullPointerException: Cannot invoke "cucumber.api.testng.TestNGCucumberRunner.finish()" because "this.testNGCucumberRunner" is null
	at TestRunner.tearDownClass(TestRunner.java:67)
</failure>
  </testcase>
</testsuite>